180103 11:26:03 INFO | Use default config for monkey test--[monkey_server.py:22]
180103 11:26:03 INFO | start server--[monkey_server.py:42]
180103 11:26:10 DEBUG | connected devices:760ABL8ABSGE	device
--[base.py:94]
180103 11:26:10 DEBUG | split connect devices id: ['760ABL8ABSGE\tdevice\r', '']--[base.py:101]
180103 11:26:10 DEBUG | get device: 760ABL8ABSGE	device--[base.py:105]
180103 11:26:10 DEBUG | got devices id: ['760ABL8ABSGE']--[base.py:108]
180103 11:26:10 DEBUG | 'MX4 Pro
'--[base.py:117]
180103 11:26:10 DEBUG | MX4 Pro--[base.py:124]
180103 11:26:10 DEBUG | get the device info: {'MX4Pro': '760ABL8ABSGE'}--[base.py:130]
180103 11:26:10 DEBUG | current device dict: {'MX4Pro': '760ABL8ABSGE'}--[device_monitor.py:27]
180103 11:26:10 DEBUG | Config.device_dict is {}--[device_monitor.py:28]
180103 11:26:10 DEBUG | new device dict is: {'MX4Pro': '760ABL8ABSGE'}--[device_monitor.py:35]
180103 11:26:10 INFO | changed device: {'MX4Pro': '760ABL8ABSGE'}--[monkey.py:222]
180103 11:26:15 DEBUG | connected devices:760ABL8ABSGE	device
--[base.py:94]
180103 11:26:15 DEBUG | split connect devices id: ['760ABL8ABSGE\tdevice\r', '']--[base.py:101]
180103 11:26:15 DEBUG | get device: 760ABL8ABSGE	device--[base.py:105]
180103 11:26:15 DEBUG | got devices id: ['760ABL8ABSGE']--[base.py:108]
180103 11:26:15 DEBUG | 'MX4 Pro
'--[base.py:117]
180103 11:26:15 DEBUG | MX4 Pro--[base.py:124]
180103 11:26:15 DEBUG | get the device info: {'MX4Pro': '760ABL8ABSGE'}--[base.py:130]
180103 11:26:15 DEBUG | current device dict: {'MX4Pro': '760ABL8ABSGE'}--[device_monitor.py:27]
180103 11:26:15 DEBUG | Config.device_dict is {'MX4Pro': '760ABL8ABSGE'}--[device_monitor.py:28]
180103 11:26:16 DEBUG | This system is Windows--[monkey_stop.py:68]
180103 11:26:16 INFO | No monkey running in MX4Pro--[monkey_stop.py:53]
180103 11:26:18 INFO | start monkey with MX4Pro--[monkey.py:131]
180103 11:26:18 INFO | Monkey cmd: E:\android-sdk-windows\platform-tools\adb -s 760ABL8ABSGE shell monkey -s 684 -p com.hhly.community.test -v  --throttle 300 --pct-trackball 0 --pct-syskeys 5 --pct-nav 0 --pct-anyevent 0 400   > E:\chenhh1334\monkey_merge\performance\monkey\monkeylog\2018-01-03\MX4Pro_01-03~11-26-18.txt--[monkey.py:142]
180103 11:26:18 INFO | monkey end with MX4Pro--[monkey.py:145]
